 * Serving Flask app 'app'
 * Debug mode: on
Address already in use
Port 5000 is in use by another program. Either identify and stop that program, or start the server with a different port.
Traceback (most recent call last):
  File "/home/developer/SecureChatServer/app.py", line 20, in <module>
    from flask import Flask, render_template, session, redirect, url_for, request, jsonify, flash
ModuleNotFoundError: No module named 'flask'
Traceback (most recent call last):
  File "/home/developer/SecureChatServer/app.py", line 20, in <module>
    from flask import Flask, render_template, session, redirect, url_for, request, jsonify, flash
ModuleNotFoundError: No module named 'flask'
Traceback (most recent call last):
  File "/home/developer/SecureChatServer/app.py", line 20, in <module>
    from flask import Flask, render_template, session, redirect, url_for, request, jsonify, flash
ModuleNotFoundError: No module named 'flask'
 * Serving Flask app 'app'
 * Debug mode: on
Address already in use
Port 5000 is in use by another program. Either identify and stop that program, or start the server with a different port.
 * Serving Flask app 'app'
 * Debug mode: on
Address already in use
Port 5000 is in use by another program. Either identify and stop that program, or start the server with a different port.
 * Serving Flask app 'app'
 * Debug mode: on
Address already in use
Port 5000 is in use by another program. Either identify and stop that program, or start the server with a different port.
 * Serving Flask app 'app'
 * Debug mode: on
Address already in use
Port 5000 is in use by another program. Either identify and stop that program, or start the server with a different port.
 * Serving Flask app 'app'
 * Debug mode: on
Address already in use
Port 5000 is in use by another program. Either identify and stop that program, or start the server with a different port.
 * Serving Flask app 'app'
 * Debug mode: on
Address already in use
Port 5000 is in use by another program. Either identify and stop that program, or start the server with a different port.
 * Serving Flask app 'app'
 * Debug mode: on
Address already in use
Port 5000 is in use by another program. Either identify and stop that program, or start the server with a different port.
 * Serving Flask app 'app'
 * Debug mode: on
Address already in use
Port 5000 is in use by another program. Either identify and stop that program, or start the server with a different port.
 * Serving Flask app 'app'
 * Debug mode: on
Address already in use
Port 5000 is in use by another program. Either identify and stop that program, or start the server with a different port.
